<?xml version="1.0" encoding="UTF-8"?>
<!-- Generated by org.testng.reporters.JUnitXMLReporter -->
<testsuite hostname="DESKTOP-3QVAHQG" ignored="0" name="Default test" tests="6" failures="2" timestamp="22 Apr 2024 04:16:55 GMT" time="32.152" errors="0">
  <testcase name="runScenario" time="18.372" classname="io.cucumber.testng.AbstractTestNGCucumberTests"/>
  <testcase name="runScenario" time="1.115" classname="io.cucumber.testng.AbstractTestNGCucumberTests"/>
  <testcase name="runScenario" time="1.51" classname="io.cucumber.testng.AbstractTestNGCucumberTests">
    <failure type="java.lang.NullPointerException">
      <![CDATA[java.lang.NullPointerException
	at io.restassured.path.json.JsonPath.getLong(JsonPath.java:340)
	at apiStepDef.apiTestStepDef.the_api_response_timestamp_should_not_be_less_than_3_seconds_from_the_current_time_in_seconds(apiTestStepDef.java:96)
	at ✽.the API response timestamp should not be less than 3 seconds from the current time in seconds(file:///C:/Users/shree/Downloads/APITest/src/test/Resource/Feature/apiTest.feature:20)
]]>
    </failure>
  </testcase> <!-- runScenario -->
  <testcase name="runScenario" time="1.175" classname="io.cucumber.testng.AbstractTestNGCucumberTests"/>
  <testcase name="runScenario" time="1.136" classname="io.cucumber.testng.AbstractTestNGCucumberTests"/>
  <testcase name="runScenario" time="0.921" classname="io.cucumber.testng.AbstractTestNGCucumberTests">
    <failure type="java.lang.IllegalArgumentException" message="Schema to use cannot be null">
      <![CDATA[java.lang.IllegalArgumentException: Schema to use cannot be null
	at io.restassured.module.jsv.JsonSchemaValidator.validateSchemaIsNotNull(JsonSchemaValidator.java:270)
	at io.restassured.module.jsv.JsonSchemaValidator.access$300(JsonSchemaValidator.java:75)
	at io.restassured.module.jsv.JsonSchemaValidator$JsonSchemaValidatorFactory.create(JsonSchemaValidator.java:281)
	at io.restassured.module.jsv.JsonSchemaValidator.matchesJsonSchema(JsonSchemaValidator.java:166)
	at io.restassured.module.jsv.JsonSchemaValidator.matchesJsonSchemaInClasspath(JsonSchemaValidator.java:117)
	at apiStepDef.apiTestStepDef.the_api_response_should_match_the_json_schema(apiTestStepDef.java:151)
	at ✽.the API response should match the JSON schema(file:///C:/Users/shree/Downloads/APITest/src/test/Resource/Feature/apiTest.feature:39)
]]>
    </failure>
  </testcase> <!-- runScenario -->
</testsuite> <!-- Default test -->
